<?xml version="1.0" encoding="UTF-8"?>
<!-- Generated by org.testng.reporters.JUnitXMLReporter -->
<testsuite ignored="0" hostname="Rv" failures="0" tests="3" name="InteraceTesting" time="7.367" errors="0" timestamp="2023-03-06T10:23:55 IST">
  <testcase classname="mainCode.UITesting" name="VerifyAccountPageTitle" time="3.36"/>
  <testcase classname="mainCode.UITesting" name="VerifyHomePageTitle" time="0.005"/>
  <testcase classname="mainCode.UITesting" name="VerifyLoginPageTitle" time="0.191"/>
</testsuite> <!-- InteraceTesting -->
