<?xml version="1.0" encoding="UTF-8"?>
<!-- Generated by org.testng.reporters.JUnitXMLReporter -->
<testsuite ignored="0" hostname="Rv" failures="0" tests="3" name="linksvalidate" time="27.554" errors="0" timestamp="2023-03-06T10:23:48 IST">
  <testcase classname="mainCode.ValidateLinks" name="ValidateasideLinks" time="4.813"/>
  <testcase classname="mainCode.ValidateLinks" name="ValidatefooterLinks" time="13.473"/>
  <testcase classname="mainCode.ValidateLinks" name="ValidatemainLinks" time="4.845"/>
</testsuite> <!-- linksvalidate -->
