<?xml version="1.0" encoding="UTF-8"?>
<!-- Generated by org.testng.reporters.JUnitXMLReporter -->
<testsuite ignored="0" hostname="Rv" failures="0" tests="13" name="ValidateRegisterPage" time="43.906" errors="0" timestamp="2023-03-06T10:24:39 IST">
  <testcase classname="mainCode.ValidateRegisterationPage" name="Registerwithoutclickingprivacycheckbox" time="4.483"/>
  <testcase classname="mainCode.ValidateRegisterationPage" name="ValidateErrorMessageRegisterWithalreadyExistEmail" time="3.464"/>
  <testcase classname="mainCode.ValidateRegisterationPage" name="ValidateRegisterAfterclickinRegister" time="0.352"/>
  <testcase classname="mainCode.ValidateRegisterationPage" name="ValidateifUserEnterdataAfterreshdatawillbecleared" time="5.563"/>
  <testcase classname="mainCode.ValidateRegisterationPage" name="ValidaterefreshthePageOnRegistration" time="0.313"/>
  <testcase classname="mainCode.ValidateRegisterationPage" name="Validatetheregistrationtitleafterrefresh" time="0.32"/>
  <testcase classname="mainCode.ValidateRegisterationPage" name="VerifyEmailfieldacceptOnlyacceptvalidemail" time="2.427"/>
  <testcase classname="mainCode.ValidateRegisterationPage" name="VerifyLoginlinkWorkInRegisterPage" time="0.388"/>
  <testcase classname="mainCode.ValidateRegisterationPage" name="VerifyRegisterationPageLinkWorkInLoginPage" time="0.4"/>
  <testcase classname="mainCode.ValidateRegisterationPage" name="VerifytheSpellinginRegistrationFields" time="0.275"/>
  <testcase classname="mainCode.ValidateRegisterationPage" name="VeriyRegisterPageWithoutEnterFirstNme" time="4.501"/>
  <testcase classname="mainCode.ValidateRegisterationPage" name="VeriyRegisterPageWithoutLastFirstNme" time="4.48"/>
  <testcase classname="mainCode.ValidateRegisterationPage" name="VeriyasideRegisterLinkWorkInLoginPage" time="0.357"/>
</testsuite> <!-- ValidateRegisterPage -->
