<?xml version="1.0" encoding="UTF-8"?>
<!-- Generated by org.testng.reporters.JUnitXMLReporter -->
<testsuite ignored="0" hostname="Rv" failures="0" tests="11" name="validateLoginpage" time="33.496" errors="0" timestamp="2023-03-06T10:25:13 IST">
  <testcase classname="mainCode.ValidateLoginPage" name="Email_Case_Insensitive_Verification" time="2.357"/>
  <testcase classname="mainCode.ValidateLoginPage" name="LoginWithOutCredential" time="1.243"/>
  <testcase classname="mainCode.ValidateLoginPage" name="LoginWithOutEmail" time="3.339"/>
  <testcase classname="mainCode.ValidateLoginPage" name="LoginWithoutPassword" time="3.364"/>
  <testcase classname="mainCode.ValidateLoginPage" name="VerifyForgetpasswordPage" time="0.386"/>
  <testcase classname="mainCode.ValidateLoginPage" name="VerifySpellingLoginPage" time="0.263"/>
  <testcase classname="mainCode.ValidateLoginPage" name="VerifyTiltleAfterLogin" time="3.339"/>
  <testcase classname="mainCode.ValidateLoginPage" name="VerifyasideForgetpasswordLink" time="0.406"/>
  <testcase classname="mainCode.ValidateLoginPage" name="validateLoginLinkOnHomePage" time="0.201"/>
  <testcase classname="mainCode.ValidateLoginPage" name="verify_refresh_loginpage" time="1.452"/>
  <testcase classname="mainCode.ValidateLoginPage" name="withValidcredential" time="3.339"/>
</testsuite> <!-- validateLoginpage -->
