<?xml version="1.0" encoding="UTF-8"?>
<testng-results ignored="0" total="1" passed="1" failed="0" skipped="0">
  <reporter-output>
  </reporter-output>
  <suite started-at="2023-03-15T10:29:57 IST" name="Default suite" finished-at="2023-03-15T10:30:23 IST" duration-ms="26390">
    <groups>
    </groups>
    <test started-at="2023-03-15T10:29:57 IST" name="Default test" finished-at="2023-03-15T10:30:23 IST" duration-ms="26390">
      <class name="mainCode.EndToEnd">
        <test-method is-config="true" signature="HomePage()[pri:0, instance:mainCode.EndToEnd@7133da86]" started-at="2023-03-15T10:29:57 IST" name="HomePage" finished-at="2023-03-15T10:29:59 IST" duration-ms="1698" status="PASS">
          <reporter-output>
          </reporter-output>
        </test-method> <!-- HomePage -->
        <test-method signature="EndToEndPage()[pri:0, instance:mainCode.EndToEnd@7133da86]" started-at="2023-03-15T10:29:59 IST" name="EndToEndPage" finished-at="2023-03-15T10:30:23 IST" duration-ms="24414" status="PASS">
          <reporter-output>
          </reporter-output>
        </test-method> <!-- EndToEndPage -->
        <test-method is-config="true" signature="QuitBrowser()[pri:0, instance:mainCode.EndToEnd@7133da86]" started-at="2023-03-15T10:30:23 IST" name="QuitBrowser" finished-at="2023-03-15T10:30:23 IST" duration-ms="256" status="PASS">
          <reporter-output>
          </reporter-output>
        </test-method> <!-- QuitBrowser -->
      </class> <!-- mainCode.EndToEnd -->
    </test> <!-- Default test -->
  </suite> <!-- Default suite -->
</testng-results>
